<?xml version="1.0" encoding="UTF-8"?>
<testsuite name="com.bl.InvoiceService.InvoiceServiceTest" tests="1" skipped="0" failures="0" errors="0" timestamp="2020-10-24T05:01:53" hostname="DESKTOP-QTP5K3U" time="0.011">
  <properties/>
  <testcase name="givenMultipleRides_shouldReturnTotalFare" classname="com.bl.InvoiceService.InvoiceServiceTest" time="0.011"/>
  <system-out><![CDATA[]]></system-out>
  <system-err><![CDATA[]]></system-err>
</testsuite>
